0 info it worked if it ends with ok
1 verbose cli [ '/Users/rafaelvidaurre/.nvm/v0.10.36/bin/node',
1 verbose cli   '/Users/rafaelvidaurre/.nvm/v0.10.36/bin/npm',
1 verbose cli   'run-script',
1 verbose cli   'coverage' ]
2 info using npm@1.4.28
3 info using node@v0.10.36
4 verbose run-script [ 'precoverage', 'coverage', 'postcoverage' ]
5 info precoverage yakuza@0.0.6
6 info coverage yakuza@0.0.6
7 verbose unsafe-perm in lifecycle true
8 info yakuza@0.0.6 Failed to exec coverage script
9 error yakuza@0.0.6 coverage: `istanbul cover _mocha -- spec`
9 error Exit status 1
10 error Failed at the yakuza@0.0.6 coverage script.
10 error This is most likely a problem with the yakuza package,
10 error not with npm itself.
10 error Tell the author that this fails on your system:
10 error     istanbul cover _mocha -- spec
10 error You can get their info via:
10 error     npm owner ls yakuza
10 error There is likely additional logging output above.
11 error System Darwin 14.1.0
12 error command "/Users/rafaelvidaurre/.nvm/v0.10.36/bin/node" "/Users/rafaelvidaurre/.nvm/v0.10.36/bin/npm" "run-script" "coverage"
13 error cwd /Users/rafaelvidaurre/Code/yakuza
14 error node -v v0.10.36
15 error npm -v 1.4.28
16 error code ELIFECYCLE
17 verbose exit [ 1, true ]
